<?xml version="1.0" encoding="UTF-8"?>
<!-- Generated by org.testng.reporters.JUnitReportReporter -->
<testsuite hostname="DESKTOP-3UGTBIN" failures="0" tests="1" name="fb_test.TestCase2" time="14.789" errors="0" timestamp="2024-09-10T07:58:46 IST" skipped="0">
  <testcase classname="fb_test.TestCase2" name="login_searching" time="14.789"/>
</testsuite> <!-- fb_test.TestCase2 -->
