<?xml version="1.0" encoding="UTF-8"?>
<!-- Generated by org.testng.reporters.JUnitReportReporter -->
<testsuite hostname="DESKTOP-3UGTBIN" failures="0" tests="1" name="fb_test.TestCase1" time="4.024" errors="0" timestamp="2024-09-10T07:58:46 IST" skipped="0">
  <testcase classname="fb_test.TestCase1" name="login" time="4.024"/>
</testsuite> <!-- fb_test.TestCase1 -->
