<?xml version="1.0" encoding="UTF-8"?>
<!-- Generated by org.testng.reporters.JUnitReportReporter -->
<testsuite hostname="DESKTOP-3UGTBIN" failures="0" tests="1" name="amazon_test.TestCase2" time="16.190" errors="0" timestamp="2024-09-10T07:58:46 IST" skipped="0">
  <testcase classname="amazon_test.TestCase2" name="searching_the_product" time="16.190"/>
</testsuite> <!-- amazon_test.TestCase2 -->
