<?xml version="1.0" encoding="UTF-8"?>
<!-- Generated by org.testng.reporters.JUnitReportReporter -->
<testsuite hostname="DESKTOP-3UGTBIN" failures="0" tests="1" name="programs.POM_Concept.AppTest" time="0.040" errors="0" timestamp="2024-09-10T07:58:47 IST" skipped="0">
  <testcase classname="programs.POM_Concept.AppTest" name="shouldAnswerWithTrue" time="0.040"/>
</testsuite> <!-- programs.POM_Concept.AppTest -->
