<?xml version="1.0" encoding="UTF-8"?>
<!-- Generated by org.testng.reporters.JUnitReportReporter -->
<testsuite hostname="DESKTOP-3UGTBIN" failures="0" tests="1" name="amazon_test.TestCase4" time="29.402" errors="0" timestamp="2024-09-10T07:38:03 IST" skipped="0">
  <testcase classname="amazon_test.TestCase4" name="adding_to_cart" time="29.402"/>
</testsuite> <!-- amazon_test.TestCase4 -->
