<?xml version="1.0" encoding="UTF-8"?>
<!-- Generated by org.testng.reporters.JUnitReportReporter -->
<testsuite hostname="DESKTOP-3UGTBIN" failures="0" tests="1" name="amazon_test.TestCase3" time="23.376" errors="0" timestamp="2024-09-10T07:38:03 IST" skipped="0">
  <testcase classname="amazon_test.TestCase3" name="register_to_amazon" time="23.376"/>
</testsuite> <!-- amazon_test.TestCase3 -->
