<?xml version="1.0" encoding="UTF-8"?>
<!-- Generated by org.testng.reporters.JUnitReportReporter -->
<testsuite hostname="DESKTOP-3UGTBIN" failures="0" tests="1" name="fb_test.TestCase1" time="3.884" errors="0" timestamp="2024-08-31T14:14:47 IST" skipped="0">
  <testcase classname="fb_test.TestCase1" name="login" time="3.884"/>
</testsuite> <!-- fb_test.TestCase1 -->
