<?xml version="1.0" encoding="UTF-8"?>
<!-- Generated by org.testng.reporters.JUnitReportReporter -->
<testsuite hostname="DESKTOP-3UGTBIN" failures="0" tests="1" name="fb_test.TestCase2" time="20.262" errors="0" timestamp="2024-09-09T16:24:52 IST" skipped="0">
  <testcase classname="fb_test.TestCase2" name="login_searching" time="20.262"/>
</testsuite> <!-- fb_test.TestCase2 -->
